Addr      Code         Line    Program
0x002000: 0x63df0058: (  5) 	LEA R5, _END
0x002001: 0x03db0400: (  6) 	ADD R5, R5, 1024
0x002002: 0x63ef0001: (  7) 	LINK
0x002003: 0x63ff0001: (  8) 	BR nzp, main
0x002004: 0x97f100ff: (  9) 	SWI 255
0x002005: 0x07db0002: ( 21) 	SUB R5, R5, 2
0x002006: 0x406b0001: ( 22) 	STR R6, R5, 1
0x002007: 0x404b0000: ( 23) 	STR R4, R5, 0
0x002008: 0x17c0a000: ( 24) 	COPY R4, R5
0x002009: 0x07db0001: ( 25) 	SUB R5, R5, 1
0x00200a: 0x17810001: ( 28) 	COPY R0, 1
0x00200b: 0x04010000: ( 29) 	CMP R0, 0
0x00200c: 0x617f0011: ( 30) 	BR z, _L3
0x00200d: 0x63ef0001: ( 33) 	LINK
0x00200e: 0x63ff0044: ( 34) 	BR nzp, getchar
0x00200f: 0x400f0048: ( 35) 	STORE R0, input
0x002010: 0x07db0001: ( 38) 	SUB R5, R5, 1 
0x002011: 0x238f0046: ( 39) 	LOAD R0, input
0x002012: 0x400b0000: ( 40) 	STR R0, R5, 0
0x002013: 0x63ef0001: ( 41) 	LINK
0x002014: 0x63ff000e: ( 42) 	BR nzp, check
0x002015: 0x03db0001: ( 43) 	ADD R5, R5, 1
0x002016: 0x4009ffff: ( 44) 	STR R0, R4, -1
0x002017: 0x07db0001: ( 47) 	SUB R5, R5, 1 
0x002018: 0x2389ffff: ( 48) 	LDR R0, R4, -1
0x002019: 0x400b0000: ( 49) 	STR R0, R5, 0
0x00201a: 0x63ef0001: ( 50) 	LINK
0x00201b: 0x63ff0039: ( 51) 	BR nzp, putchar
0x00201c: 0x03db0001: ( 52) 	ADD R5, R5, 1
0x00201d: 0x63ffffec: ( 55) 	BR nzp, _L2
0x00201e: 0x17d08000: ( 60) _L1:	COPY R5, R4
0x00201f: 0x23cb0000: ( 61) 	LDR R4, R5, 0
0x002020: 0x23eb0001: ( 62) 	LDR R6, R5, 1
0x002021: 0x03db0002: ( 63) 	ADD R5, R5, 2
0x002022: 0x63fd0000: ( 64) 	RET
0x002023: 0x07db0002: ( 75) 	SUB R5, R5, 2
0x002024: 0x406b0001: ( 76) 	STR R6, R5, 1
0x002025: 0x404b0000: ( 77) 	STR R4, R5, 0
0x002026: 0x17c0a000: ( 78) 	COPY R4, R5
0x002027: 0x07db0001: ( 79) 	SUB R5, R5, 1
0x002028: 0x23890002: ( 81) 	LDR R0, R4, 2
0x002029: 0x17910030: ( 82) 	COPY R1, 48
0x00202a: 0x04002000: ( 83) 	CMP R0, R1
0x00202b: 0x62ff0003: ( 84) 	BR np, _L5
0x00202c: 0x1781002a: ( 87) 	COPY R0, 42
0x00202d: 0x4009ffff: ( 88) 	STR R0, R4, -1
0x00202e: 0x63ff001e: ( 91) 	BR nzp, _L6
0x00202f: 0x23890002: ( 93) 	LDR R0, R4, 2
0x002030: 0x17910032: ( 94) 	COPY R1, 50
0x002031: 0x04002000: ( 95) 	CMP R0, R1
0x002032: 0x62ff0003: ( 96) 	BR np, _L7
0x002033: 0x1781002a: ( 99) 	COPY R0, 42
0x002034: 0x4009ffff: (100) 	STR R0, R4, -1
0x002035: 0x63ff0017: (103) 	BR nzp, _L8
0x002036: 0x23890002: (105) 	LDR R0, R4, 2
0x002037: 0x17910034: (106) 	COPY R1, 52
0x002038: 0x04002000: (107) 	CMP R0, R1
0x002039: 0x62ff0003: (108) 	BR np, _L9
0x00203a: 0x1781002a: (111) 	COPY R0, 42
0x00203b: 0x4009ffff: (112) 	STR R0, R4, -1
0x00203c: 0x63ff0010: (115) 	BR nzp, _L10
0x00203d: 0x23890002: (117) 	LDR R0, R4, 2
0x00203e: 0x17910036: (118) 	COPY R1, 54
0x00203f: 0x04002000: (119) 	CMP R0, R1
0x002040: 0x62ff0003: (120) 	BR np, _L11
0x002041: 0x1781002a: (123) 	COPY R0, 42
0x002042: 0x4009ffff: (124) 	STR R0, R4, -1
0x002043: 0x63ff0009: (127) 	BR nzp, _L12
0x002044: 0x23890002: (129) 	LDR R0, R4, 2
0x002045: 0x17910038: (130) 	COPY R1, 56
0x002046: 0x04002000: (131) 	CMP R0, R1
0x002047: 0x62ff0003: (132) 	BR np, _L13
0x002048: 0x1781002a: (135) 	COPY R0, 42
0x002049: 0x4009ffff: (136) 	STR R0, R4, -1
0x00204a: 0x63ff0002: (139) 	BR nzp, _L14
0x00204b: 0x23890002: (143) 	LDR R0, R4, 2
0x00204c: 0x4009ffff: (144) 	STR R0, R4, -1
0x00204d: 0x2389ffff: (152) 	LDR R0, R4, -1
0x00204e: 0x17d08000: (156) _L4:	COPY R5, R4
0x00204f: 0x23cb0000: (157) 	LDR R4, R5, 0
0x002050: 0x23eb0001: (158) 	LDR R6, R5, 1
0x002051: 0x03db0002: (159) 	ADD R5, R5, 2
0x002052: 0x63fd0000: (160) 	RET
0x002053: 0x97f10000: (163) 	SWI 0
0x002054: 0x63fd0000: (164) 	RET
0x002055: 0x238b0000: (166) 	LDR R0, R5, 0
0x002056: 0x97f10001: (167) 	SWI 1
0x002057: 0x63fd0000: (168) 	RET
0x002058: 0x00000000: (172) input: .BLOCK 1

---- symbol table ----
   _CODE: 0x2000
    main: 0x2005
     _L2: 0x200a
     _L3: 0x201e
     _L1: 0x201e
   check: 0x2023
     _L5: 0x202f
     _L7: 0x2036
     _L9: 0x203d
    _L11: 0x2044
    _L13: 0x204b
    _L14: 0x204d
    _L12: 0x204d
    _L10: 0x204d
     _L8: 0x204d
     _L6: 0x204d
     _L4: 0x204e
 getchar: 0x2053
 putchar: 0x2055
   _DATA: 0x2058
   input: 0x2058
    _END: 0x2059
